{"C:\\Users\\ASUS\\Research 2\\All Functions\\Generator Functions\\src\\delegate_generator.js": {"path":"C:\\Users\\ASUS\\Research 2\\All Functions\\Generator Functions\\src\\delegate_generator.js","statementMap":{"0":{"start":{"line":2,"column":4},"end":{"line":2,"column":14}},"1":{"start":{"line":3,"column":4},"end":{"line":3,"column":14}},"2":{"start":{"line":7,"column":4},"end":{"line":7,"column":12}},"3":{"start":{"line":8,"column":4},"end":{"line":8,"column":26}},"4":{"start":{"line":9,"column":4},"end":{"line":9,"column":12}},"5":{"start":{"line":12,"column":12},"end":{"line":12,"column":27}},"6":{"start":{"line":13,"column":0},"end":{"line":13,"column":22}},"7":{"start":{"line":15,"column":0},"end":{"line":15,"column":50}}},"fnMap":{"0":{"name":"subGenerator","decl":{"start":{"line":1,"column":10},"end":{"line":1,"column":22}},"loc":{"start":{"line":1,"column":25},"end":{"line":4,"column":1}},"line":1},"1":{"name":"mainGenerator","decl":{"start":{"line":6,"column":10},"end":{"line":6,"column":23}},"loc":{"start":{"line":6,"column":26},"end":{"line":10,"column":1}},"line":6}},"branchMap":{},"s":{"0":4,"1":4,"2":3,"3":3,"4":3,"5":1,"6":1,"7":1},"f":{"0":4,"1":3},"b":{},"_coverageSchema":"1a1c01bbd47fc00a2c39e90264f33305004495a9","hash":"a912ded12e3fb14ef1d8f0ab3bc5dae137f75ef1"}
,"C:\\Users\\ASUS\\Research 2\\All Functions\\Generator Functions\\src\\generator.js": {"path":"C:\\Users\\ASUS\\Research 2\\All Functions\\Generator Functions\\src\\generator.js","statementMap":{"0":{"start":{"line":2,"column":2},"end":{"line":2,"column":10}},"1":{"start":{"line":3,"column":2},"end":{"line":3,"column":10}},"2":{"start":{"line":4,"column":2},"end":{"line":4,"column":10}},"3":{"start":{"line":7,"column":0},"end":{"line":7,"column":33}}},"fnMap":{"0":{"name":"myGenerator","decl":{"start":{"line":1,"column":10},"end":{"line":1,"column":21}},"loc":{"start":{"line":1,"column":24},"end":{"line":5,"column":1}},"line":1}},"branchMap":{},"s":{"0":1,"1":1,"2":1,"3":1},"f":{"0":1},"b":{},"_coverageSchema":"1a1c01bbd47fc00a2c39e90264f33305004495a9","hash":"eae59885c5eb13e457f173b5573482c2ad1d93c7"}
,"C:\\Users\\ASUS\\Research 2\\All Functions\\Generator Functions\\src\\sequence_generator.js": {"path":"C:\\Users\\ASUS\\Research 2\\All Functions\\Generator Functions\\src\\sequence_generator.js","statementMap":{"0":{"start":{"line":2,"column":4},"end":{"line":4,"column":5}},"1":{"start":{"line":2,"column":17},"end":{"line":2,"column":22}},"2":{"start":{"line":3,"column":8},"end":{"line":3,"column":16}},"3":{"start":{"line":7,"column":17},"end":{"line":7,"column":39}},"4":{"start":{"line":9,"column":0},"end":{"line":11,"column":1}},"5":{"start":{"line":10,"column":4},"end":{"line":10,"column":23}},"6":{"start":{"line":14,"column":0},"end":{"line":14,"column":38}}},"fnMap":{"0":{"name":"generateSequence","decl":{"start":{"line":1,"column":10},"end":{"line":1,"column":26}},"loc":{"start":{"line":1,"column":39},"end":{"line":5,"column":1}},"line":1}},"branchMap":{},"s":{"0":6,"1":6,"2":22,"3":1,"4":1,"5":5,"6":1},"f":{"0":6},"b":{},"_coverageSchema":"1a1c01bbd47fc00a2c39e90264f33305004495a9","hash":"fa25fe532cd3264c95dcaf311ce409fc5d2552c0"}
}
