TN:
SF:src\delegate_generator.js
FN:1,subGenerator
FN:6,mainGenerator
FNF:2
FNH:2
FNDA:4,subGenerator
FNDA:3,mainGenerator
DA:2,4
DA:3,4
DA:7,3
DA:8,3
DA:9,3
DA:12,1
DA:13,1
DA:15,1
LF:8
LH:8
BRF:0
BRH:0
end_of_record
TN:
SF:src\generator.js
FN:1,myGenerator
FNF:1
FNH:1
FNDA:1,myGenerator
DA:2,1
DA:3,1
DA:4,1
DA:7,1
LF:4
LH:4
BRF:0
BRH:0
end_of_record
TN:
SF:src\sequence_generator.js
FN:1,generateSequence
FNF:1
FNH:1
FNDA:6,generateSequence
DA:2,6
DA:3,22
DA:7,1
DA:9,1
DA:10,5
DA:14,1
LF:6
LH:6
BRF:0
BRH:0
end_of_record
