{"C:\\Users\\ASUS\\Research 2\\All Functions\\Regular Functions\\src\\LodashExample.js": {"path":"C:\\Users\\ASUS\\Research 2\\All Functions\\Regular Functions\\src\\LodashExample.js","statementMap":{"0":{"start":{"line":3,"column":15},"end":{"line":3,"column":33}},"1":{"start":{"line":7,"column":19},"end":{"line":7,"column":43}},"2":{"start":{"line":7,"column":28},"end":{"line":7,"column":43}},"3":{"start":{"line":12,"column":19},"end":{"line":22,"column":1}},"4":{"start":{"line":13,"column":15},"end":{"line":13,"column":26}},"5":{"start":{"line":14,"column":1},"end":{"line":20,"column":2}},"6":{"start":{"line":14,"column":18},"end":{"line":14,"column":19}},"7":{"start":{"line":16,"column":2},"end":{"line":19,"column":3}},"8":{"start":{"line":17,"column":4},"end":{"line":17,"column":30}},"9":{"start":{"line":21,"column":1},"end":{"line":21,"column":17}},"10":{"start":{"line":25,"column":21},"end":{"line":27,"column":1}},"11":{"start":{"line":26,"column":2},"end":{"line":26,"column":44}},"12":{"start":{"line":26,"column":27},"end":{"line":26,"column":42}},"13":{"start":{"line":31,"column":0},"end":{"line":36,"column":1}}},"fnMap":{"0":{"name":"(anonymous_0)","decl":{"start":{"line":7,"column":19},"end":{"line":7,"column":20}},"loc":{"start":{"line":7,"column":28},"end":{"line":7,"column":43}},"line":7},"1":{"name":"(anonymous_1)","decl":{"start":{"line":12,"column":19},"end":{"line":12,"column":20}},"loc":{"start":{"line":12,"column":31},"end":{"line":22,"column":1}},"line":12},"2":{"name":"(anonymous_2)","decl":{"start":{"line":25,"column":21},"end":{"line":25,"column":22}},"loc":{"start":{"line":25,"column":34},"end":{"line":27,"column":1}},"line":25},"3":{"name":"(anonymous_3)","decl":{"start":{"line":26,"column":23},"end":{"line":26,"column":24}},"loc":{"start":{"line":26,"column":27},"end":{"line":26,"column":42}},"line":26}},"branchMap":{"0":{"loc":{"start":{"line":16,"column":2},"end":{"line":19,"column":3}},"type":"if","locations":[{"start":{"line":16,"column":2},"end":{"line":19,"column":3}},{"start":{},"end":{}}],"line":16}},"s":{"0":1,"1":1,"2":3,"3":1,"4":3,"5":3,"6":3,"7":12,"8":5,"9":3,"10":1,"11":4,"12":9,"13":1},"f":{"0":3,"1":3,"2":4,"3":9},"b":{"0":[5,7]},"_coverageSchema":"1a1c01bbd47fc00a2c39e90264f33305004495a9","hash":"53c4ca2353b60db9b80e7f94dd13f22aac200960"}
,"C:\\Users\\ASUS\\Research 2\\All Functions\\Regular Functions\\src\\SimpleCalculator.js": {"path":"C:\\Users\\ASUS\\Research 2\\All Functions\\Regular Functions\\src\\SimpleCalculator.js","statementMap":{"0":{"start":{"line":6,"column":17},"end":{"line":6,"column":41}},"1":{"start":{"line":6,"column":32},"end":{"line":6,"column":41}},"2":{"start":{"line":11,"column":17},"end":{"line":11,"column":41}},"3":{"start":{"line":11,"column":32},"end":{"line":11,"column":41}},"4":{"start":{"line":15,"column":17},"end":{"line":15,"column":41}},"5":{"start":{"line":15,"column":32},"end":{"line":15,"column":41}},"6":{"start":{"line":20,"column":17},"end":{"line":28,"column":1}},"7":{"start":{"line":21,"column":2},"end":{"line":27,"column":3}},"8":{"start":{"line":23,"column":4},"end":{"line":23,"column":45}},"9":{"start":{"line":26,"column":0},"end":{"line":26,"column":17}},"10":{"start":{"line":31,"column":0},"end":{"line":36,"column":1}}},"fnMap":{"0":{"name":"(anonymous_0)","decl":{"start":{"line":6,"column":17},"end":{"line":6,"column":18}},"loc":{"start":{"line":6,"column":32},"end":{"line":6,"column":41}},"line":6},"1":{"name":"(anonymous_1)","decl":{"start":{"line":11,"column":17},"end":{"line":11,"column":18}},"loc":{"start":{"line":11,"column":32},"end":{"line":11,"column":41}},"line":11},"2":{"name":"(anonymous_2)","decl":{"start":{"line":15,"column":17},"end":{"line":15,"column":18}},"loc":{"start":{"line":15,"column":32},"end":{"line":15,"column":41}},"line":15},"3":{"name":"(anonymous_3)","decl":{"start":{"line":20,"column":17},"end":{"line":20,"column":18}},"loc":{"start":{"line":20,"column":32},"end":{"line":28,"column":1}},"line":20}},"branchMap":{"0":{"loc":{"start":{"line":21,"column":2},"end":{"line":27,"column":3}},"type":"if","locations":[{"start":{"line":21,"column":2},"end":{"line":27,"column":3}},{"start":{"line":25,"column":6},"end":{"line":27,"column":3}}],"line":21}},"s":{"0":1,"1":3,"2":1,"3":3,"4":1,"5":3,"6":1,"7":4,"8":1,"9":3,"10":1},"f":{"0":3,"1":3,"2":3,"3":4},"b":{"0":[1,3]},"_coverageSchema":"1a1c01bbd47fc00a2c39e90264f33305004495a9","hash":"8ce6b13cce515a10577b3988c1c6c3d0c02000f6"}
,"C:\\Users\\ASUS\\Research 2\\All Functions\\Regular Functions\\src\\areacalculator.js": {"path":"C:\\Users\\ASUS\\Research 2\\All Functions\\Regular Functions\\src\\areacalculator.js","statementMap":{"0":{"start":{"line":1,"column":11},"end":{"line":1,"column":15}},"1":{"start":{"line":3,"column":22},"end":{"line":51,"column":1}},"2":{"start":{"line":4,"column":15},"end":{"line":4,"column":18}},"3":{"start":{"line":5,"column":4},"end":{"line":47,"column":5}},"4":{"start":{"line":8,"column":16},"end":{"line":13,"column":17}},"5":{"start":{"line":9,"column":20},"end":{"line":9,"column":44}},"6":{"start":{"line":12,"column":20},"end":{"line":12,"column":28}},"7":{"start":{"line":15,"column":12},"end":{"line":15,"column":18}},"8":{"start":{"line":20,"column":16},"end":{"line":26,"column":17}},"9":{"start":{"line":22,"column":20},"end":{"line":22,"column":32}},"10":{"start":{"line":25,"column":20},"end":{"line":25,"column":28}},"11":{"start":{"line":27,"column":16},"end":{"line":27,"column":22}},"12":{"start":{"line":32,"column":15},"end":{"line":38,"column":16}},"13":{"start":{"line":34,"column":18},"end":{"line":34,"column":38}},"14":{"start":{"line":37,"column":16},"end":{"line":37,"column":24}},"15":{"start":{"line":39,"column":12},"end":{"line":39,"column":18}},"16":{"start":{"line":45,"column":12},"end":{"line":45,"column":20}},"17":{"start":{"line":46,"column":12},"end":{"line":46,"column":18}},"18":{"start":{"line":50,"column":4},"end":{"line":50,"column":15}},"19":{"start":{"line":52,"column":0},"end":{"line":52,"column":32}}},"fnMap":{"0":{"name":"(anonymous_0)","decl":{"start":{"line":3,"column":22},"end":{"line":3,"column":23}},"loc":{"start":{"line":3,"column":60},"end":{"line":51,"column":1}},"line":3}},"branchMap":{"0":{"loc":{"start":{"line":5,"column":4},"end":{"line":47,"column":5}},"type":"switch","locations":[{"start":{"line":6,"column":8},"end":{"line":17,"column":13}},{"start":{"line":18,"column":12},"end":{"line":29,"column":17}},{"start":{"line":30,"column":16},"end":{"line":41,"column":13}},{"start":{"line":44,"column":8},"end":{"line":46,"column":18}}],"line":5},"1":{"loc":{"start":{"line":8,"column":16},"end":{"line":13,"column":17}},"type":"if","locations":[{"start":{"line":8,"column":16},"end":{"line":13,"column":17}},{"start":{"line":11,"column":20},"end":{"line":13,"column":17}}],"line":8},"2":{"loc":{"start":{"line":20,"column":16},"end":{"line":26,"column":17}},"type":"if","locations":[{"start":{"line":20,"column":16},"end":{"line":26,"column":17}},{"start":{"line":24,"column":20},"end":{"line":26,"column":17}}],"line":20},"3":{"loc":{"start":{"line":32,"column":15},"end":{"line":38,"column":16}},"type":"if","locations":[{"start":{"line":32,"column":15},"end":{"line":38,"column":16}},{"start":{"line":36,"column":19},"end":{"line":38,"column":16}}],"line":32},"4":{"loc":{"start":{"line":32,"column":18},"end":{"line":32,"column":47}},"type":"binary-expr","locations":[{"start":{"line":32,"column":18},"end":{"line":32,"column":30}},{"start":{"line":32,"column":34},"end":{"line":32,"column":47}}],"line":32}},"s":{"0":1,"1":1,"2":7,"3":7,"4":2,"5":1,"6":1,"7":2,"8":2,"9":1,"10":1,"11":2,"12":2,"13":1,"14":1,"15":2,"16":1,"17":1,"18":7,"19":1},"f":{"0":7},"b":{"0":[2,2,2,1],"1":[1,1],"2":[1,1],"3":[1,1],"4":[2,1]},"_coverageSchema":"1a1c01bbd47fc00a2c39e90264f33305004495a9","hash":"757d1508d46f53e7d6e19e515749db5fc0927331"}
}
