TN:
SF:src\LodashExample.js
FN:7,(anonymous_0)
FN:12,(anonymous_1)
FN:25,(anonymous_2)
FN:26,(anonymous_3)
FNF:4
FNH:4
FNDA:3,(anonymous_0)
FNDA:3,(anonymous_1)
FNDA:4,(anonymous_2)
FNDA:9,(anonymous_3)
DA:3,1
DA:7,3
DA:12,1
DA:13,3
DA:14,3
DA:16,12
DA:17,5
DA:21,3
DA:25,1
DA:26,9
DA:31,1
LF:11
LH:11
BRDA:16,0,0,5
BRDA:16,0,1,7
BRF:2
BRH:2
end_of_record
TN:
SF:src\SimpleCalculator.js
FN:6,(anonymous_0)
FN:11,(anonymous_1)
FN:15,(anonymous_2)
FN:20,(anonymous_3)
FNF:4
FNH:4
FNDA:3,(anonymous_0)
FNDA:3,(anonymous_1)
FNDA:3,(anonymous_2)
FNDA:4,(anonymous_3)
DA:6,3
DA:11,3
DA:15,3
DA:20,1
DA:21,4
DA:23,1
DA:26,3
DA:31,1
LF:8
LH:8
BRDA:21,0,0,1
BRDA:21,0,1,3
BRF:2
BRH:2
end_of_record
TN:
SF:src\areacalculator.js
FN:3,(anonymous_0)
FNF:1
FNH:1
FNDA:7,(anonymous_0)
DA:1,1
DA:3,1
DA:4,7
DA:5,7
DA:8,2
DA:9,1
DA:12,1
DA:15,2
DA:20,2
DA:22,1
DA:25,1
DA:27,2
DA:32,2
DA:34,1
DA:37,1
DA:39,2
DA:45,1
DA:46,1
DA:50,7
DA:52,1
LF:20
LH:20
BRDA:5,0,0,2
BRDA:5,0,1,2
BRDA:5,0,2,2
BRDA:5,0,3,1
BRDA:8,1,0,1
BRDA:8,1,1,1
BRDA:20,2,0,1
BRDA:20,2,1,1
BRDA:32,3,0,1
BRDA:32,3,1,1
BRDA:32,4,0,2
BRDA:32,4,1,1
BRF:12
BRH:12
end_of_record
